// ESA Console - 1.1.0.M1 log opened at 2014-10-03 12:09:53
carlos-connect
quit
// ESA Console - 1.1.0.M1 log closed at 2014-10-03 12:09:54
// ESA Console - 1.1.0.M1 log opened at 2014-10-03 12:10:59
carlos-connect
quit
// ESA Console - 1.1.0.M1 log closed at 2014-10-03 12:11:00
// ESA Console - 1.1.0.M1 log opened at 2014-10-03 12:11:35
carlos-connect
quit
// ESA Console - 1.1.0.M1 log closed at 2014-10-03 12:11:36
// ESA Console - 1.1.0.M1 log opened at 2014-10-03 12:13:19
carlos-connect
quit
// ESA Console - 1.1.0.M1 log closed at 2014-10-03 12:13:19
// ESA Console - 1.1.0.M1 log opened at 2014-10-03 12:13:53
carlos-connect
quit
// ESA Console - 1.1.0.M1 log closed at 2014-10-03 12:13:54
// ESA Console - 1.1.0.M1 log opened at 2014-10-03 12:14:47
carlos-connect
quit
// ESA Console - 1.1.0.M1 log closed at 2014-10-03 12:14:48
// ESA Console - 1.1.0.M1 log opened at 2014-10-03 12:15:37
carlos-connect
cd pipeline/mess
set Enabled --value true
invoke start
get .
quit
// ESA Console - 1.1.0.M1 log closed at 2014-10-03 12:15:38
// ESA Console - 1.1.0.M1 log opened at 2014-10-03 12:18:13
carlos-connect
cd pipeline/mess
set Enabled --value true
invoke start
get .
quit
// ESA Console - 1.1.0.M1 log closed at 2014-10-03 12:18:14
